-- Test for SQLite library code source and defaults
--Testcase 1:
CREATE EXTENSION sqlite_fdw;
--Testcase 2:
SELECT sqlite_fdw_sqlite_version();
 sqlite_fdw_sqlite_version 
---------------------------
                   3046000
(1 row)

--Testcase 3:
SELECT length(sqlite_fdw_sqlite_code_source());
 length 
--------
     84
(1 row)

--Testcase 4:
SELECT sqlite_fdw_sqlite_code_source();
                            sqlite_fdw_sqlite_code_source                             
--------------------------------------------------------------------------------------
 2024-05-23 13:25:27 96c92aba00c8375bc32fafcdf12429c58bd8aabfcadab6683e35bbb9cdebf19e
(1 row)

--Testcase 7:
DROP EXTENSION sqlite_fdw CASCADE;
