--SET log_min_messages  TO DEBUG1;
--SET client_min_messages  TO DEBUG1;
--Testcase 001:
CREATE EXTENSION sqlite_fdw;
--Testcase 002:
CREATE SERVER sqlite_svr FOREIGN DATA WRAPPER sqlite_fdw
OPTIONS (database '/tmp/sqlite_fdw_test/common.db');
--Testcase 003:
CREATE SERVER sqlite2 FOREIGN DATA WRAPPER sqlite_fdw;
--Testcase 009:
CREATE FOREIGN TABLE "type_JSON" ( "i" int OPTIONS (key 'true'), "j" json, ot text, oi int) SERVER sqlite_svr OPTIONS (table 'type_JSON');
--Testcase 010:
CREATE FOREIGN TABLE "type_JSONB" ( "i" int OPTIONS (key 'true'), "j" jsonb, ot text, oi int) SERVER sqlite_svr OPTIONS (table 'type_JSONB');
--Testcase 011:
CREATE FOREIGN TABLE "JSON_query" ( "i" int OPTIONS (key 'true'), "q" text) SERVER sqlite_svr OPTIONS (table 'JSON_query');
--Testcase 012:
INSERT INTO "JSON_query" ("i", "q") VALUES
(1, '$'), (2, '$.c'), (3, 'c'), (4, '$.c[2]'), (5, '$.c[2].f'), (6, '$.c[#-1]'), (7, '$.x'), (8, '$.a'), (9, 'c[2]'), (10, 'c[2].f'), (11, 'c[#-1]'), (12, 'a');
--Testcase 013:
INSERT INTO "type_JSON" ("i", "j", ot, oi) VALUES
(1, '{"a":2,"c":[4,5,{"f":7}]}', 'c', 2), (2, '[11,22,33,44]', '2', 3), (3, '{"a":"xyz"}', 'a', 1), (4, '{"a":null}', 'a', 4);
--Testcase 014:
INSERT INTO "type_JSONB" ("i", "j", ot, oi) VALUES
(1, '{"a":2,"c":[4,5,{"f":7}]}'::json, 'c', 2), (2, '[11,22,33,44]'::json, '2', 3), (3, '{"a":"xyz"}'::json, 'a', 1), (4, '{"a":null}'::json, 'a', 4);
--Testcase 015:
EXPLAIN (VERBOSE, COSTS OFF)
SELECT "i", "j", j."j"->'c' res FROM "type_JSON" j;
                      QUERY PLAN                       
-------------------------------------------------------
 Foreign Scan on public."type_JSON" j
   Output: i, j, (j -> 'c'::text)
   SQLite query: SELECT `i`, `j` FROM main."type_JSON"
(3 rows)

--Testcase 016:
SELECT "i", "j", j."j"->'c' res FROM "type_JSON" j;
 i |             j             |      res      
---+---------------------------+---------------
 1 | {"a":2,"c":[4,5,{"f":7}]} | [4,5,{"f":7}]
 2 | [11,22,33,44]             | 
 3 | {"a":"xyz"}               | 
 4 | {"a":null}                | 
(4 rows)

--Testcase 017:
SELECT "i", "j", j."j"->'a' res FROM "type_JSON" j;
 i |             j             |  res  
---+---------------------------+-------
 1 | {"a":2,"c":[4,5,{"f":7}]} | 2
 2 | [11,22,33,44]             | 
 3 | {"a":"xyz"}               | "xyz"
 4 | {"a":null}                | null
(4 rows)

--Testcase 018:
EXPLAIN (VERBOSE, COSTS OFF)
SELECT "i", "j", j."j"->'c' res FROM "type_JSONB" j;
                       QUERY PLAN                       
--------------------------------------------------------
 Foreign Scan on public."type_JSONB" j
   Output: i, j, (j -> 'c'::text)
   SQLite query: SELECT `i`, `j` FROM main."type_JSONB"
(3 rows)

--Testcase 019:
SELECT "i", "j", j."j"->'c' res FROM "type_JSONB" j;
 i |                j                |       res        
---+---------------------------------+------------------
 1 | {"a": 2, "c": [4, 5, {"f": 7}]} | [4, 5, {"f": 7}]
 2 | [11, 22, 33, 44]                | 
 3 | {"a": "xyz"}                    | 
 4 | {"a": null}                     | 
(4 rows)

--Testcase 020:
SELECT "i", "j", j."j"->'a' res FROM "type_JSONB" j;
 i |                j                |  res  
---+---------------------------------+-------
 1 | {"a": 2, "c": [4, 5, {"f": 7}]} | 2
 2 | [11, 22, 33, 44]                | 
 3 | {"a": "xyz"}                    | "xyz"
 4 | {"a": null}                     | null
(4 rows)

--Testcase 021:
EXPLAIN (VERBOSE, COSTS OFF)
SELECT "i", "j", j."j"->>'c' res FROM "type_JSON" j;
                      QUERY PLAN                       
-------------------------------------------------------
 Foreign Scan on public."type_JSON" j
   Output: i, j, (j ->> 'c'::text)
   SQLite query: SELECT `i`, `j` FROM main."type_JSON"
(3 rows)

--Testcase 022:
SELECT "i", "j", j."j"->>'c' res FROM "type_JSON" j;
 i |             j             |      res      
---+---------------------------+---------------
 1 | {"a":2,"c":[4,5,{"f":7}]} | [4,5,{"f":7}]
 2 | [11,22,33,44]             | 
 3 | {"a":"xyz"}               | 
 4 | {"a":null}                | 
(4 rows)

--Testcase 023:
SELECT "i", "j", j."j"->>'a' res FROM "type_JSON" j;
 i |             j             | res 
---+---------------------------+-----
 1 | {"a":2,"c":[4,5,{"f":7}]} | 2
 2 | [11,22,33,44]             | 
 3 | {"a":"xyz"}               | xyz
 4 | {"a":null}                | 
(4 rows)

--Testcase 024:
EXPLAIN (VERBOSE, COSTS OFF)
SELECT "i", "j", j."j"->>'c' res FROM "type_JSONB" j;
                       QUERY PLAN                       
--------------------------------------------------------
 Foreign Scan on public."type_JSONB" j
   Output: i, j, (j ->> 'c'::text)
   SQLite query: SELECT `i`, `j` FROM main."type_JSONB"
(3 rows)

--Testcase 025:
SELECT "i", "j", j."j"->>'c' res FROM "type_JSONB" j;
 i |                j                |       res        
---+---------------------------------+------------------
 1 | {"a": 2, "c": [4, 5, {"f": 7}]} | [4, 5, {"f": 7}]
 2 | [11, 22, 33, 44]                | 
 3 | {"a": "xyz"}                    | 
 4 | {"a": null}                     | 
(4 rows)

--Testcase 026:
SELECT "i", "j", j."j"->>'a' res FROM "type_JSONB" j;
 i |                j                | res 
---+---------------------------------+-----
 1 | {"a": 2, "c": [4, 5, {"f": 7}]} | 2
 2 | [11, 22, 33, 44]                | 
 3 | {"a": "xyz"}                    | xyz
 4 | {"a": null}                     | 
(4 rows)

--Testcase 027:
EXPLAIN (VERBOSE, COSTS OFF)
SELECT "i", "j" FROM "type_JSON" j WHERE j."j"->'c' IS NOT NULL;
                      QUERY PLAN                       
-------------------------------------------------------
 Foreign Scan on public."type_JSON" j
   Output: i, j
   Filter: ((j.j -> 'c'::text) IS NOT NULL)
   SQLite query: SELECT `i`, `j` FROM main."type_JSON"
(4 rows)

--Testcase 028:
SELECT "i", "j" FROM "type_JSON" j WHERE j."j"->'c' IS NOT NULL;
 i |             j             
---+---------------------------
 1 | {"a":2,"c":[4,5,{"f":7}]}
(1 row)

--Testcase 029:
SELECT "i", "j" FROM "type_JSON" j WHERE j."j"->'a' IS NOT NULL;
 i |             j             
---+---------------------------
 1 | {"a":2,"c":[4,5,{"f":7}]}
 3 | {"a":"xyz"}
 4 | {"a":null}
(3 rows)

--Testcase 030:
EXPLAIN (VERBOSE, COSTS OFF)
SELECT "i", "j" FROM "type_JSONB" j WHERE j."j"->'c' IS NOT NULL;
                       QUERY PLAN                       
--------------------------------------------------------
 Foreign Scan on public."type_JSONB" j
   Output: i, j
   Filter: ((j.j -> 'c'::text) IS NOT NULL)
   SQLite query: SELECT `i`, `j` FROM main."type_JSONB"
(4 rows)

--Testcase 031:
SELECT "i", "j" FROM "type_JSONB" j WHERE j."j"->'c' IS NOT NULL;
 i |                j                
---+---------------------------------
 1 | {"a": 2, "c": [4, 5, {"f": 7}]}
(1 row)

--Testcase 032:
SELECT "i", "j" FROM "type_JSONB" j WHERE j."j"->'a' IS NOT NULL;
 i |                j                
---+---------------------------------
 1 | {"a": 2, "c": [4, 5, {"f": 7}]}
 3 | {"a": "xyz"}
 4 | {"a": null}
(3 rows)

--Testcase 033:
EXPLAIN (VERBOSE, COSTS OFF)
SELECT "i", "j" FROM "type_JSON" j WHERE j."j"->>'c' IS NOT NULL;
                      QUERY PLAN                       
-------------------------------------------------------
 Foreign Scan on public."type_JSON" j
   Output: i, j
   Filter: ((j.j ->> 'c'::text) IS NOT NULL)
   SQLite query: SELECT `i`, `j` FROM main."type_JSON"
(4 rows)

--Testcase 034:
SELECT "i", "j" FROM "type_JSON" j WHERE j."j"->>'c' IS NOT NULL;
 i |             j             
---+---------------------------
 1 | {"a":2,"c":[4,5,{"f":7}]}
(1 row)

--Testcase 035:
SELECT "i", "j" FROM "type_JSON" j WHERE j."j"->>'a' IS NOT NULL;
 i |             j             
---+---------------------------
 1 | {"a":2,"c":[4,5,{"f":7}]}
 3 | {"a":"xyz"}
(2 rows)

--Testcase 036:
EXPLAIN (VERBOSE, COSTS OFF)
SELECT "i", "j" FROM "type_JSONB" j WHERE j."j"->>'c' IS NOT NULL;
                       QUERY PLAN                       
--------------------------------------------------------
 Foreign Scan on public."type_JSONB" j
   Output: i, j
   Filter: ((j.j ->> 'c'::text) IS NOT NULL)
   SQLite query: SELECT `i`, `j` FROM main."type_JSONB"
(4 rows)

--Testcase 037:
SELECT "i", "j" FROM "type_JSONB" j WHERE j."j"->>'c' IS NOT NULL;
 i |                j                
---+---------------------------------
 1 | {"a": 2, "c": [4, 5, {"f": 7}]}
(1 row)

--Testcase 038:
SELECT "i", "j" FROM "type_JSONB" j WHERE j."j"->>'a' IS NOT NULL;
 i |                j                
---+---------------------------------
 1 | {"a": 2, "c": [4, 5, {"f": 7}]}
 3 | {"a": "xyz"}
(2 rows)

--Testcase 039:
EXPLAIN (VERBOSE, COSTS OFF)
SELECT "i", "j", j."j" -> 1 res FROM "type_JSON" j;
                      QUERY PLAN                       
-------------------------------------------------------
 Foreign Scan on public."type_JSON" j
   Output: i, j, (j -> 1)
   SQLite query: SELECT `i`, `j` FROM main."type_JSON"
(3 rows)

--Testcase 040:
SELECT "i", "j", j."j" -> 1 res FROM "type_JSON" j;
 i |             j             | res 
---+---------------------------+-----
 1 | {"a":2,"c":[4,5,{"f":7}]} | 
 2 | [11,22,33,44]             | 22
 3 | {"a":"xyz"}               | 
 4 | {"a":null}                | 
(4 rows)

--Testcase 041:
SELECT "i", "j", j."j" -> 3 res FROM "type_JSON" j;
 i |             j             | res 
---+---------------------------+-----
 1 | {"a":2,"c":[4,5,{"f":7}]} | 
 2 | [11,22,33,44]             | 44
 3 | {"a":"xyz"}               | 
 4 | {"a":null}                | 
(4 rows)

--Testcase 042:
EXPLAIN (VERBOSE, COSTS OFF)
SELECT "i", "j", j."j" -> 1 res FROM "type_JSONB" j;
                       QUERY PLAN                       
--------------------------------------------------------
 Foreign Scan on public."type_JSONB" j
   Output: i, j, (j -> 1)
   SQLite query: SELECT `i`, `j` FROM main."type_JSONB"
(3 rows)

--Testcase 043:
SELECT "i", "j", j."j" -> 1 res FROM "type_JSONB" j;
 i |                j                | res 
---+---------------------------------+-----
 1 | {"a": 2, "c": [4, 5, {"f": 7}]} | 
 2 | [11, 22, 33, 44]                | 22
 3 | {"a": "xyz"}                    | 
 4 | {"a": null}                     | 
(4 rows)

--Testcase 044:
SELECT "i", "j", j."j" -> 3 res FROM "type_JSONB" j;
 i |                j                | res 
---+---------------------------------+-----
 1 | {"a": 2, "c": [4, 5, {"f": 7}]} | 
 2 | [11, 22, 33, 44]                | 44
 3 | {"a": "xyz"}                    | 
 4 | {"a": null}                     | 
(4 rows)

--Testcase 045:
EXPLAIN (VERBOSE, COSTS OFF)
SELECT "i", "j", j."j" ->> 1 res FROM "type_JSON" j;
                      QUERY PLAN                       
-------------------------------------------------------
 Foreign Scan on public."type_JSON" j
   Output: i, j, (j ->> 1)
   SQLite query: SELECT `i`, `j` FROM main."type_JSON"
(3 rows)

--Testcase 046:
SELECT "i", "j", j."j" ->> 1 res FROM "type_JSON" j;
 i |             j             | res 
---+---------------------------+-----
 1 | {"a":2,"c":[4,5,{"f":7}]} | 
 2 | [11,22,33,44]             | 22
 3 | {"a":"xyz"}               | 
 4 | {"a":null}                | 
(4 rows)

--Testcase 047:
SELECT "i", "j", j."j" ->> 3 res FROM "type_JSON" j;
 i |             j             | res 
---+---------------------------+-----
 1 | {"a":2,"c":[4,5,{"f":7}]} | 
 2 | [11,22,33,44]             | 44
 3 | {"a":"xyz"}               | 
 4 | {"a":null}                | 
(4 rows)

--Testcase 048:
EXPLAIN (VERBOSE, COSTS OFF)
SELECT "i", "j", j."j" ->> 1 res FROM "type_JSONB" j;
                       QUERY PLAN                       
--------------------------------------------------------
 Foreign Scan on public."type_JSONB" j
   Output: i, j, (j ->> 1)
   SQLite query: SELECT `i`, `j` FROM main."type_JSONB"
(3 rows)

--Testcase 049:
SELECT "i", "j", j."j" ->> 1 res FROM "type_JSONB" j;
 i |                j                | res 
---+---------------------------------+-----
 1 | {"a": 2, "c": [4, 5, {"f": 7}]} | 
 2 | [11, 22, 33, 44]                | 22
 3 | {"a": "xyz"}                    | 
 4 | {"a": null}                     | 
(4 rows)

--Testcase 050:
SELECT "i", "j", j."j" ->> 3 res FROM "type_JSONB" j;
 i |                j                | res 
---+---------------------------------+-----
 1 | {"a": 2, "c": [4, 5, {"f": 7}]} | 
 2 | [11, 22, 33, 44]                | 44
 3 | {"a": "xyz"}                    | 
 4 | {"a": null}                     | 
(4 rows)

--Testcase 051:
EXPLAIN (VERBOSE, COSTS OFF)
SELECT "i", "j" FROM "type_JSON" j WHERE j."j" -> 1 IS NOT NULL;
                                       QUERY PLAN                                       
----------------------------------------------------------------------------------------
 Foreign Scan on public."type_JSON" j
   Output: i, j
   SQLite query: SELECT `i`, `j` FROM main."type_JSON" WHERE (((`j` -> 1) IS NOT NULL))
(3 rows)

--Testcase 052:
SELECT "i", "j" FROM "type_JSON" j WHERE j."j" -> 1 IS NOT NULL;
 i |       j       
---+---------------
 2 | [11,22,33,44]
(1 row)

--Testcase 053:
SELECT "i", "j" FROM "type_JSON" j WHERE j."j" -> 3 IS NOT NULL;
 i |       j       
---+---------------
 2 | [11,22,33,44]
(1 row)

--Testcase 054:
EXPLAIN (VERBOSE, COSTS OFF)
SELECT "i", "j" FROM "type_JSONB" j WHERE j."j" -> 1 IS NOT NULL;
                                       QUERY PLAN                                        
-----------------------------------------------------------------------------------------
 Foreign Scan on public."type_JSONB" j
   Output: i, j
   SQLite query: SELECT `i`, `j` FROM main."type_JSONB" WHERE (((`j` -> 1) IS NOT NULL))
(3 rows)

--Testcase 055:
SELECT "i", "j" FROM "type_JSONB" j WHERE j."j" -> 1 IS NOT NULL;
 i |        j         
---+------------------
 2 | [11, 22, 33, 44]
(1 row)

--Testcase 056:
SELECT "i", "j" FROM "type_JSONB" j WHERE j."j" -> 3 IS NOT NULL;
 i |        j         
---+------------------
 2 | [11, 22, 33, 44]
(1 row)

--Testcase 057:
EXPLAIN (VERBOSE, COSTS OFF)
SELECT "i", "j" FROM "type_JSON" j WHERE j."j" ->> 1 IS NOT NULL;
                                       QUERY PLAN                                        
-----------------------------------------------------------------------------------------
 Foreign Scan on public."type_JSON" j
   Output: i, j
   SQLite query: SELECT `i`, `j` FROM main."type_JSON" WHERE (((`j` ->> 1) IS NOT NULL))
(3 rows)

--Testcase 058:
SELECT "i", "j" FROM "type_JSON" j WHERE j."j" ->> 1 IS NOT NULL;
 i |       j       
---+---------------
 2 | [11,22,33,44]
(1 row)

--Testcase 059:
SELECT "i", "j" FROM "type_JSON" j WHERE j."j" ->> 3 IS NOT NULL;
 i |       j       
---+---------------
 2 | [11,22,33,44]
(1 row)

--Testcase 060:
EXPLAIN (VERBOSE, COSTS OFF)
SELECT "i", "j" FROM "type_JSONB" j WHERE j."j" ->> 1 IS NOT NULL;
                                        QUERY PLAN                                        
------------------------------------------------------------------------------------------
 Foreign Scan on public."type_JSONB" j
   Output: i, j
   SQLite query: SELECT `i`, `j` FROM main."type_JSONB" WHERE (((`j` ->> 1) IS NOT NULL))
(3 rows)

--Testcase 061:
SELECT "i", "j" FROM "type_JSONB" j WHERE j."j" ->> 1 IS NOT NULL;
 i |        j         
---+------------------
 2 | [11, 22, 33, 44]
(1 row)

--Testcase 062:
SELECT "i", "j" FROM "type_JSONB" j WHERE j."j" ->> 3 IS NOT NULL;
 i |        j         
---+------------------
 2 | [11, 22, 33, 44]
(1 row)

--Testcase 063:
EXPLAIN (VERBOSE, COSTS OFF)
SELECT "i", "j", ot, j."j"->ot res FROM "type_JSON" j;
                         QUERY PLAN                          
-------------------------------------------------------------
 Foreign Scan on public."type_JSON" j
   Output: i, j, ot, (j -> ot)
   SQLite query: SELECT `i`, `j`, `ot` FROM main."type_JSON"
(3 rows)

--Testcase 064:
SELECT "i", "j", ot, j."j"->ot res FROM "type_JSON" j;
 i |             j             | ot |      res      
---+---------------------------+----+---------------
 1 | {"a":2,"c":[4,5,{"f":7}]} | c  | [4,5,{"f":7}]
 2 | [11,22,33,44]             | 2  | 
 3 | {"a":"xyz"}               | a  | "xyz"
 4 | {"a":null}                | a  | null
(4 rows)

--Testcase 065:
EXPLAIN (VERBOSE, COSTS OFF)
SELECT "i", "j", ot, j."j"->>ot res FROM "type_JSON" j;
                         QUERY PLAN                          
-------------------------------------------------------------
 Foreign Scan on public."type_JSON" j
   Output: i, j, ot, (j ->> ot)
   SQLite query: SELECT `i`, `j`, `ot` FROM main."type_JSON"
(3 rows)

--Testcase 066:
SELECT "i", "j", ot, j."j"->>ot res FROM "type_JSON" j;
 i |             j             | ot |      res      
---+---------------------------+----+---------------
 1 | {"a":2,"c":[4,5,{"f":7}]} | c  | [4,5,{"f":7}]
 2 | [11,22,33,44]             | 2  | 
 3 | {"a":"xyz"}               | a  | xyz
 4 | {"a":null}                | a  | 
(4 rows)

--Testcase 067:
EXPLAIN (VERBOSE, COSTS OFF)
SELECT "i", "j", ot, j."j"->>ot res FROM "type_JSONB" j;
                          QUERY PLAN                          
--------------------------------------------------------------
 Foreign Scan on public."type_JSONB" j
   Output: i, j, ot, (j ->> ot)
   SQLite query: SELECT `i`, `j`, `ot` FROM main."type_JSONB"
(3 rows)

--Testcase 068:
SELECT "i", "j", ot, j."j"->>ot res FROM "type_JSONB" j;
 i |                j                | ot |       res        
---+---------------------------------+----+------------------
 1 | {"a": 2, "c": [4, 5, {"f": 7}]} | c  | [4, 5, {"f": 7}]
 2 | [11, 22, 33, 44]                | 2  | 
 3 | {"a": "xyz"}                    | a  | xyz
 4 | {"a": null}                     | a  | 
(4 rows)

--Testcase 069:
EXPLAIN (VERBOSE, COSTS OFF)
SELECT "i", "j", ot FROM "type_JSON" j WHERE j."j"->ot IS NOT NULL;
                                           QUERY PLAN                                            
-------------------------------------------------------------------------------------------------
 Foreign Scan on public."type_JSON" j
   Output: i, j, ot
   SQLite query: SELECT `i`, `j`, `ot` FROM main."type_JSON" WHERE (((`j` -> `ot`) IS NOT NULL))
(3 rows)

--Testcase 070:
SELECT "i", "j", ot FROM "type_JSON" j WHERE j."j"->ot IS NOT NULL;
 i |             j             | ot 
---+---------------------------+----
 1 | {"a":2,"c":[4,5,{"f":7}]} | c
 2 | [11,22,33,44]             | 2
 3 | {"a":"xyz"}               | a
 4 | {"a":null}                | a
(4 rows)

--Testcase 071:
EXPLAIN (VERBOSE, COSTS OFF)
SELECT "i", "j", ot FROM "type_JSONB" j WHERE j."j"->ot IS NOT NULL;
                                            QUERY PLAN                                            
--------------------------------------------------------------------------------------------------
 Foreign Scan on public."type_JSONB" j
   Output: i, j, ot
   SQLite query: SELECT `i`, `j`, `ot` FROM main."type_JSONB" WHERE (((`j` -> `ot`) IS NOT NULL))
(3 rows)

--Testcase 072:
SELECT "i", "j", ot FROM "type_JSONB" j WHERE j."j"->ot IS NOT NULL;
 i |                j                | ot 
---+---------------------------------+----
 1 | {"a": 2, "c": [4, 5, {"f": 7}]} | c
 2 | [11, 22, 33, 44]                | 2
 3 | {"a": "xyz"}                    | a
 4 | {"a": null}                     | a
(4 rows)

--Testcase 073:
EXPLAIN (VERBOSE, COSTS OFF)
SELECT "i", "j", ot FROM "type_JSON" j WHERE j."j"->>ot IS NOT NULL;
                                            QUERY PLAN                                            
--------------------------------------------------------------------------------------------------
 Foreign Scan on public."type_JSON" j
   Output: i, j, ot
   SQLite query: SELECT `i`, `j`, `ot` FROM main."type_JSON" WHERE (((`j` ->> `ot`) IS NOT NULL))
(3 rows)

--Testcase 074:
SELECT "i", "j", ot FROM "type_JSON" j WHERE j."j"->>ot IS NOT NULL;
 i |             j             | ot 
---+---------------------------+----
 1 | {"a":2,"c":[4,5,{"f":7}]} | c
 2 | [11,22,33,44]             | 2
 3 | {"a":"xyz"}               | a
(3 rows)

--Testcase 075:
EXPLAIN (VERBOSE, COSTS OFF)
SELECT "i", "j", ot FROM "type_JSONB" j WHERE j."j"->>ot IS NOT NULL;
                                            QUERY PLAN                                             
---------------------------------------------------------------------------------------------------
 Foreign Scan on public."type_JSONB" j
   Output: i, j, ot
   SQLite query: SELECT `i`, `j`, `ot` FROM main."type_JSONB" WHERE (((`j` ->> `ot`) IS NOT NULL))
(3 rows)

--Testcase 076:
SELECT "i", "j", ot FROM "type_JSONB" j WHERE j."j"->>ot IS NOT NULL;
 i |                j                | ot 
---+---------------------------------+----
 1 | {"a": 2, "c": [4, 5, {"f": 7}]} | c
 2 | [11, 22, 33, 44]                | 2
 3 | {"a": "xyz"}                    | a
(3 rows)

--Testcase 077:
EXPLAIN (VERBOSE, COSTS OFF)
SELECT "i", "j", oi, j."j" -> oi res FROM "type_JSON" j;
                         QUERY PLAN                          
-------------------------------------------------------------
 Foreign Scan on public."type_JSON" j
   Output: i, j, oi, (j -> oi)
   SQLite query: SELECT `i`, `j`, `oi` FROM main."type_JSON"
(3 rows)

--Testcase 078:
SELECT "i", "j", oi, j."j" -> oi res FROM "type_JSON" j;
 i |             j             | oi | res 
---+---------------------------+----+-----
 1 | {"a":2,"c":[4,5,{"f":7}]} |  2 | 
 2 | [11,22,33,44]             |  3 | 44
 3 | {"a":"xyz"}               |  1 | 
 4 | {"a":null}                |  4 | 
(4 rows)

--Testcase 079:
EXPLAIN (VERBOSE, COSTS OFF)
SELECT "i", "j", oi, j."j" -> oi res FROM "type_JSONB" j;
                          QUERY PLAN                          
--------------------------------------------------------------
 Foreign Scan on public."type_JSONB" j
   Output: i, j, oi, (j -> oi)
   SQLite query: SELECT `i`, `j`, `oi` FROM main."type_JSONB"
(3 rows)

--Testcase 080:
SELECT "i", "j", oi, j."j" -> oi res FROM "type_JSONB" j;
 i |                j                | oi | res 
---+---------------------------------+----+-----
 1 | {"a": 2, "c": [4, 5, {"f": 7}]} |  2 | 
 2 | [11, 22, 33, 44]                |  3 | 44
 3 | {"a": "xyz"}                    |  1 | 
 4 | {"a": null}                     |  4 | 
(4 rows)

--Testcase 081:
EXPLAIN (VERBOSE, COSTS OFF)
SELECT "i", "j", oi, j."j" ->> oi res FROM "type_JSON" j;
                         QUERY PLAN                          
-------------------------------------------------------------
 Foreign Scan on public."type_JSON" j
   Output: i, j, oi, (j ->> oi)
   SQLite query: SELECT `i`, `j`, `oi` FROM main."type_JSON"
(3 rows)

--Testcase 082:
SELECT "i", "j", oi, j."j" ->> oi res FROM "type_JSON" j;
 i |             j             | oi | res 
---+---------------------------+----+-----
 1 | {"a":2,"c":[4,5,{"f":7}]} |  2 | 
 2 | [11,22,33,44]             |  3 | 44
 3 | {"a":"xyz"}               |  1 | 
 4 | {"a":null}                |  4 | 
(4 rows)

--Testcase 083:
EXPLAIN (VERBOSE, COSTS OFF)
SELECT "i", "j", oi, j."j" ->> oi res FROM "type_JSONB" j;
                          QUERY PLAN                          
--------------------------------------------------------------
 Foreign Scan on public."type_JSONB" j
   Output: i, j, oi, (j ->> oi)
   SQLite query: SELECT `i`, `j`, `oi` FROM main."type_JSONB"
(3 rows)

--Testcase 084:
SELECT "i", "j", oi, j."j" ->> oi res FROM "type_JSONB" j;
 i |                j                | oi | res 
---+---------------------------------+----+-----
 1 | {"a": 2, "c": [4, 5, {"f": 7}]} |  2 | 
 2 | [11, 22, 33, 44]                |  3 | 44
 3 | {"a": "xyz"}                    |  1 | 
 4 | {"a": null}                     |  4 | 
(4 rows)

--Testcase 085:
EXPLAIN (VERBOSE, COSTS OFF)
SELECT "i", "j", oi FROM "type_JSON" j WHERE j."j" -> oi IS NOT NULL;
                                           QUERY PLAN                                            
-------------------------------------------------------------------------------------------------
 Foreign Scan on public."type_JSON" j
   Output: i, j, oi
   SQLite query: SELECT `i`, `j`, `oi` FROM main."type_JSON" WHERE (((`j` -> `oi`) IS NOT NULL))
(3 rows)

--Testcase 086:
SELECT "i", "j", oi FROM "type_JSON" j WHERE j."j" -> oi IS NOT NULL;
 i |       j       | oi 
---+---------------+----
 2 | [11,22,33,44] |  3
(1 row)

--Testcase 087:
EXPLAIN (VERBOSE, COSTS OFF)
SELECT "i", "j", oi FROM "type_JSONB" j WHERE j."j" -> oi IS NOT NULL;
                                            QUERY PLAN                                            
--------------------------------------------------------------------------------------------------
 Foreign Scan on public."type_JSONB" j
   Output: i, j, oi
   SQLite query: SELECT `i`, `j`, `oi` FROM main."type_JSONB" WHERE (((`j` -> `oi`) IS NOT NULL))
(3 rows)

--Testcase 088:
SELECT "i", "j", oi FROM "type_JSONB" j WHERE j."j" -> oi IS NOT NULL;
 i |        j         | oi 
---+------------------+----
 2 | [11, 22, 33, 44] |  3
(1 row)

--Testcase 089:
EXPLAIN (VERBOSE, COSTS OFF)
SELECT "i", "j", oi FROM "type_JSON" j WHERE j."j" ->> oi IS NOT NULL;
                                            QUERY PLAN                                            
--------------------------------------------------------------------------------------------------
 Foreign Scan on public."type_JSON" j
   Output: i, j, oi
   SQLite query: SELECT `i`, `j`, `oi` FROM main."type_JSON" WHERE (((`j` ->> `oi`) IS NOT NULL))
(3 rows)

--Testcase 090:
SELECT "i", "j", oi FROM "type_JSON" j WHERE j."j" ->> oi IS NOT NULL;
 i |       j       | oi 
---+---------------+----
 2 | [11,22,33,44] |  3
(1 row)

--Testcase 091:
EXPLAIN (VERBOSE, COSTS OFF)
SELECT "i", "j", oi FROM "type_JSONB" j WHERE j."j" ->> oi IS NOT NULL;
                                            QUERY PLAN                                             
---------------------------------------------------------------------------------------------------
 Foreign Scan on public."type_JSONB" j
   Output: i, j, oi
   SQLite query: SELECT `i`, `j`, `oi` FROM main."type_JSONB" WHERE (((`j` ->> `oi`) IS NOT NULL))
(3 rows)

--Testcase 092:
SELECT "i", "j", oi FROM "type_JSONB" j WHERE j."j" ->> oi IS NOT NULL;
 i |        j         | oi 
---+------------------+----
 2 | [11, 22, 33, 44] |  3
(1 row)

--Testcase 093:
EXPLAIN (VERBOSE, COSTS OFF)
SELECT "i", "j", j."j"-> 'c' -> 2 ->> 'f' res FROM "type_JSON" j;
                       QUERY PLAN                        
---------------------------------------------------------
 Foreign Scan on public."type_JSON" j
   Output: i, j, (((j -> 'c'::text) -> 2) ->> 'f'::text)
   SQLite query: SELECT `i`, `j` FROM main."type_JSON"
(3 rows)

--Testcase 094:
SELECT "i", "j", j."j"-> 'c' -> 2 ->> 'f' res FROM "type_JSON" j;
 i |             j             | res 
---+---------------------------+-----
 1 | {"a":2,"c":[4,5,{"f":7}]} | 7
 2 | [11,22,33,44]             | 
 3 | {"a":"xyz"}               | 
 4 | {"a":null}                | 
(4 rows)

--Testcase 095:
EXPLAIN (VERBOSE, COSTS OFF)
SELECT "i", "j", j."j"-> 'c' -> 2 ->> 'f' res FROM "type_JSONB" j;
                       QUERY PLAN                        
---------------------------------------------------------
 Foreign Scan on public."type_JSONB" j
   Output: i, j, (((j -> 'c'::text) -> 2) ->> 'f'::text)
   SQLite query: SELECT `i`, `j` FROM main."type_JSONB"
(3 rows)

--Testcase 096:
SELECT "i", "j", j."j"-> 'c' -> 2 ->> 'f' res FROM "type_JSONB" j;
 i |                j                | res 
---+---------------------------------+-----
 1 | {"a": 2, "c": [4, 5, {"f": 7}]} | 7
 2 | [11, 22, 33, 44]                | 
 3 | {"a": "xyz"}                    | 
 4 | {"a": null}                     | 
(4 rows)

--Testcase 200:
DROP EXTENSION sqlite_fdw CASCADE;
NOTICE:  drop cascades to 5 other objects
DETAIL:  drop cascades to server sqlite_svr
drop cascades to foreign table "type_JSON"
drop cascades to foreign table "type_JSONB"
drop cascades to foreign table "JSON_query"
drop cascades to server sqlite2
